#
# A fatal error has been detected by the Java Runtime Environment:
#
#  SIGSEGV (0xb) at pc=0x00007fe3c41d4a7a, pid=6296, tid=0x00007fe3b2106700
#
# JRE version: Java(TM) SE Runtime Environment (8.0_121-b13) (build 1.8.0_121-b13)
# Java VM: Java HotSpot(TM) 64-Bit Server VM (25.121-b13 mixed mode linux-amd64 compressed oops)
# Problematic frame:
# v  ~BufferBlob::jni_fast_GetLongField
#
# Failed to write core dump. Core dumps have been disabled. To enable core dumping, try "ulimit -c unlimited" before starting Java again
#
# If you would like to submit a bug report, please visit:
#   http://bugreport.java.com/bugreport/crash.jsp
# The crash happened outside the Java Virtual Machine in native code.
# See problematic frame for where to report the bug.
#

---------------  T H R E A D  ---------------

Current thread (0x00007fe3d41ea800):  JavaThread "AWT-XAWT" daemon [_thread_in_native, id=6323, stack(0x00007fe3b2006000,0x00007fe3b2107000)]

siginfo: si_signo: 11 (SIGSEGV), si_code: 1 (SEGV_MAPERR), si_addr: 0x0000000000000000

Registers:
RAX=0x00007fe3d94e0f60, RBX=0x00007fe3d41ea9f8, RCX=0x00007fe3d9f482c0, RDX=0x0000000000000042
RSP=0x00007fe3b21054b8, RBP=0x00007fe3b21054e0, RSI=0x0000000000000000, RDI=0x00007fe3d41ea9f8
R8 =0x00000000d8ebb930, R9 =0x0000000000000000, R10=0x000000000000007c, R11=0x00007fe3c447efd8
R12=0x00007fe36c0081d0, R13=0x0000000000000000, R14=0x00007fe3c02b67e0, R15=0x00007fe3d41ea800
RIP=0x00007fe3c41d4a7a, EFLAGS=0x0000000000010246, CSGSFS=0x0000000000000033, ERR=0x0000000000000004
  TRAPNO=0x000000000000000e

Top of Stack: (sp=0x00007fe3b21054b8)
0x00007fe3b21054b8:   00007fe3c0094ee1 00007fe3c2bef890
0x00007fe3b21054c8:   00007fe36c0081d0 00007fe3b2105590
0x00007fe3b21054d8:   00007fe3b2105560 0000000000000000
0x00007fe3b21054e8:   00007fe3b37573c0 00007fe3c2bef890
0x00007fe3b21054f8:   00007fe3b2105520 0000000000000000
0x00007fe3b2105508:   00007fe3b374ef93 00007fe3b2105590
0x00007fe3b2105518:   00007fe3c008e11f 00007fe3b2105570
0x00007fe3b2105528:   00007fe3c447f076 0000000000000000
0x00007fe3b2105538:   00007fe3c43c7cf6 00007fe3b2105590
0x00007fe3b2105548:   00007fe3c4285cec 00000000d70789a0
0x00007fe3b2105558:   00000000d8ebdd58 0000000084c00ea8
0x00007fe3b2105568:   0000000000000009 00007fe3b21055f0
0x00007fe3b2105578:   00007fe3c4172a90 00007fe3b21055f0
0x00007fe3b2105588:   00007fe3c4172a90 0000000000000000
0x00007fe3b2105598:   00007fe3c4172dd0 00007fe374000e30
0x00007fe3b21055a8:   00000000d8e10550 00007fe3b21055b0
0x00007fe3b21055b8:   00007fe3c2ce11bc 00007fe3b2105638
0x00007fe3b21055c8:   00007fe3c2cea198 0000000000000000
0x00007fe3b21055d8:   00007fe3c2ce12f8 00007fe3b2105590
0x00007fe3b21055e8:   00007fe3b2105630 00007fe3b2105680
0x00007fe3b21055f8:   00007fe3c41732bd 0000000000000000
0x00007fe3b2105608:   00000000d8796bd0 0000000000000000
0x00007fe3b2105618:   0000000000000000 0000000000000000
0x00007fe3b2105628:   00000000d8e10550 0000000000000000
0x00007fe3b2105638:   00000000d8e104f8 00007fe3b2105640
0x00007fe3b2105648:   00007fe3c2ce0ffd 00007fe3b2105690
0x00007fe3b2105658:   00007fe3c2cea198 0000000000000000
0x00007fe3b2105668:   00007fe3c2ce1008 00007fe3b2105630
0x00007fe3b2105678:   00007fe3b2105690 00007fe3b21056d8
0x00007fe3b2105688:   00007fe3c4173302 00000000d8e104f8
0x00007fe3b2105698:   00007fe3b2105698 00007fe3c278d993
0x00007fe3b21056a8:   00007fe3b21056e8 00007fe3c2815010 

Instructions: (pc=0x00007fe3c41d4a7a)
0x00007fe3c41d4a5a:   00 00 00 00 00 00 44 8b 15 81 bf 34 15 4c 8b ce
0x00007fe3c41d4a6a:   41 f6 c2 01 0f 85 2e 00 00 00 4d 33 ca 4d 33 ca
0x00007fe3c41d4a7a:   4d 8b 09 4c 8b da 49 c1 eb 02 4b 8b 04 19 49 bb
0x00007fe3c41d4a8a:   e8 09 52 d9 e3 7f 00 00 4c 33 d8 4c 33 d8 45 3b 

Register to memory mapping:

RAX=0x00007fe3d94e0f60: <offset 0xf85f60> in /home/aslak/jdk1.8.0_121/jre/lib/amd64/server/libjvm.so at 0x00007fe3d855b000
RBX=0x00007fe3d41ea9f8 is an unknown value
RCX=0x00007fe3d9f482c0: <offset 0x2182c0> in /lib/x86_64-linux-gnu/libpthread.so.0 at 0x00007fe3d9d30000
RDX=0x0000000000000042 is an unknown value
RSP=0x00007fe3b21054b8 is pointing into the stack for thread: 0x00007fe3d41ea800
RBP=0x00007fe3b21054e0 is pointing into the stack for thread: 0x00007fe3d41ea800
RSI=0x0000000000000000 is an unknown value
RDI=0x00007fe3d41ea9f8 is an unknown value
R8 =0x00000000d8ebb930 is an oop
sun.util.logging.PlatformLogger$Level 
 - klass: 'sun/util/logging/PlatformLogger$Level'
R9 =0x0000000000000000 is an unknown value
R10=0x000000000000007c is an unknown value
R11=0x00007fe3c447efd8 is at entry_point+24 in (nmethod*)0x00007fe3c447ee50
R12=0x00007fe36c0081d0 is an unknown value
R13=0x0000000000000000 is an unknown value
R14=0x00007fe3c02b67e0: <offset 0x2587e0> in /home/aslak/jdk1.8.0_121/jre/lib/amd64/libawt_xawt.so at 0x00007fe3c005e000
R15=0x00007fe3d41ea800 is a thread


Stack: [0x00007fe3b2006000,0x00007fe3b2107000],  sp=0x00007fe3b21054b8,  free space=1021k
Native frames: (J=compiled Java code, j=interpreted, Vv=VM code, C=native code)
v  ~BufferBlob::jni_fast_GetLongField
C  [libX11.so.6+0x643c0]  _XimServerDestroy+0x70

Java frames: (J=compiled Java code, j=interpreted, Vv=VM code)
J 910  sun.awt.X11.XlibWrapper.XFilterEvent(JJ)Z (0 bytes) @ 0x00007fe3c447f004 [0x00007fe3c447efc0+0x44]
j  sun.awt.X11.XToolkit.run(Z)V+300
j  sun.awt.X11.XToolkit.run()V+5
j  java.lang.Thread.run()V+11
v  ~StubRoutines::call_stub

---------------  P R O C E S S  ---------------

Java Threads: ( => current thread )
  0x00007fe36c01b800 JavaThread "TimerQueue" daemon [_thread_blocked, id=6349, stack(0x00007fe3b1472000,0x00007fe3b1573000)]
  0x00007fe3d400a800 JavaThread "DestroyJavaVM" [_thread_blocked, id=6297, stack(0x00007fe3da04f000,0x00007fe3da150000)]
  0x00007fe374004800 JavaThread "AWT-EventQueue-0" [_thread_blocked, id=6325, stack(0x00007fe3b1773000,0x00007fe3b1874000)]
  0x00007fe3d4230000 JavaThread "AWT-Shutdown" [_thread_blocked, id=6324, stack(0x00007fe3b1f05000,0x00007fe3b2006000)]
=>0x00007fe3d41ea800 JavaThread "AWT-XAWT" daemon [_thread_in_native, id=6323, stack(0x00007fe3b2006000,0x00007fe3b2107000)]
  0x00007fe3d41c5000 JavaThread "Java2D Disposer" daemon [_thread_blocked, id=6322, stack(0x00007fe3b2517000,0x00007fe3b2618000)]
  0x00007fe3d4124000 JavaThread "Monitor Ctrl-Break" daemon [_thread_in_native, id=6319, stack(0x00007fe3c04ce000,0x00007fe3c05cf000)]
  0x00007fe3d40c0800 JavaThread "Service Thread" daemon [_thread_blocked, id=6317, stack(0x00007fe3c0912000,0x00007fe3c0a13000)]
  0x00007fe3d40bd800 JavaThread "C1 CompilerThread2" daemon [_thread_blocked, id=6316, stack(0x00007fe3c0a13000,0x00007fe3c0b14000)]
  0x00007fe3d40bc000 JavaThread "C2 CompilerThread1" daemon [_thread_blocked, id=6315, stack(0x00007fe3c0b14000,0x00007fe3c0c15000)]
  0x00007fe3d40b9000 JavaThread "C2 CompilerThread0" daemon [_thread_blocked, id=6314, stack(0x00007fe3c0c15000,0x00007fe3c0d16000)]
  0x00007fe3d40b7800 JavaThread "Signal Dispatcher" daemon [_thread_in_native, id=6313, stack(0x00007fe3c0d16000,0x00007fe3c0e17000)]
  0x00007fe3d4084800 JavaThread "Finalizer" daemon [_thread_blocked, id=6312, stack(0x00007fe3c126e000,0x00007fe3c136f000)]
  0x00007fe3d4080000 JavaThread "Reference Handler" daemon [_thread_blocked, id=6311, stack(0x00007fe3c136f000,0x00007fe3c1470000)]

Other Threads:
  0x00007fe3d4078000 VMThread [stack: 0x00007fe3c1470000,0x00007fe3c1571000] [id=6310]
  0x00007fe3d40c3800 WatcherThread [stack: 0x00007fe3c0811000,0x00007fe3c0912000] [id=6318]

VM state:not at safepoint (normal execution)

VM Mutex/Monitor currently owned by a thread: None

Heap:
 PSYoungGen      total 36864K, used 21584K [0x00000000d6f00000, 0x00000000d9800000, 0x0000000100000000)
  eden space 31744K, 61% used [0x00000000d6f00000,0x00000000d8224028,0x00000000d8e00000)
  from space 5120K, 38% used [0x00000000d8e00000,0x00000000d8ff0000,0x00000000d9300000)
  to   space 5120K, 0% used [0x00000000d9300000,0x00000000d9300000,0x00000000d9800000)
 ParOldGen       total 84992K, used 16K [0x0000000084c00000, 0x0000000089f00000, 0x00000000d6f00000)
  object space 84992K, 0% used [0x0000000084c00000,0x0000000084c04000,0x0000000089f00000)
 Metaspace       used 12660K, capacity 12884K, committed 13056K, reserved 1060864K
  class space    used 1434K, capacity 1515K, committed 1536K, reserved 1048576K

Card table byte_map: [0x00007fe3c39d0000,0x00007fe3c3dab000] byte_map_base: 0x00007fe3c35aa000

Marking Bits: (ParMarkBitMap*) 0x00007fe3d951fc80
 Begin Bits: [0x00007fe3b8260000, 0x00007fe3ba130000)
 End Bits:   [0x00007fe3ba130000, 0x00007fe3bc000000)

Polling page: 0x00007fe3da16f000

CodeCache: size=245760Kb used=6687Kb max_used=6697Kb free=239072Kb
 bounds [0x00007fe3c416b000, 0x00007fe3c47fb000, 0x00007fe3d316b000]
 total_blobs=2432 nmethods=1890 adapters=455
 compilation: enabled

Compilation events (10 events):
Event: 7663,497 Thread 0x00007fe3d40bd800 1894 % !   3       sun.awt.AWTAutoShutdown::run @ 20 (159 bytes)
Event: 7663,498 Thread 0x00007fe3d40bd800 nmethod 1894% 0x00007fe3c47f45d0 code [0x00007fe3c47f47e0, 0x00007fe3c47f5488]
Event: 7793,369 Thread 0x00007fe3d40bd800 1895 % !   3       sun.awt.AWTAutoShutdown::run @ 40 (159 bytes)
Event: 7793,373 Thread 0x00007fe3d40bd800 nmethod 1895% 0x00007fe3c47f3010 code [0x00007fe3c47f3220, 0x00007fe3c47f3f48]
Event: 7923,223 Thread 0x00007fe3d40bd800 1896   !   3       sun.awt.AWTAutoShutdown::run (159 bytes)
Event: 7923,225 Thread 0x00007fe3d40bd800 nmethod 1896 0x00007fe3c47f5dd0 code [0x00007fe3c47f5fc0, 0x00007fe3c47f6a68]
Event: 8277,458 Thread 0x00007fe3d40b9000 1897       4       java.nio.CharBuffer::arrayOffset (35 bytes)
Event: 8277,461 Thread 0x00007fe3d40b9000 nmethod 1897 0x00007fe3c47f9c10 code [0x00007fe3c47f9d60, 0x00007fe3c47f9df8]
Event: 8916,316 Thread 0x00007fe3d40bd800 1898       3       java.util.Vector$Itr::hasNext (20 bytes)
Event: 8916,324 Thread 0x00007fe3d40bd800 nmethod 1898 0x00007fe3c47f9850 code [0x00007fe3c47f99c0, 0x00007fe3c47f9b70]

GC Heap History (2 events):
Event: 1900,097 GC heap before
{Heap before GC invocations=1 (full 0):
 PSYoungGen      total 36864K, used 31744K [0x00000000d6f00000, 0x00000000d9800000, 0x0000000100000000)
  eden space 31744K, 100% used [0x00000000d6f00000,0x00000000d8e00000,0x00000000d8e00000)
  from space 5120K, 0% used [0x00000000d9300000,0x00000000d9300000,0x00000000d9800000)
  to   space 5120K, 0% used [0x00000000d8e00000,0x00000000d8e00000,0x00000000d9300000)
 ParOldGen       total 84992K, used 0K [0x0000000084c00000, 0x0000000089f00000, 0x00000000d6f00000)
  object space 84992K, 0% used [0x0000000084c00000,0x0000000084c00000,0x0000000089f00000)
 Metaspace       used 12640K, capacity 12820K, committed 13056K, reserved 1060864K
  class space    used 1433K, capacity 1515K, committed 1536K, reserved 1048576K
Event: 1900,105 GC heap after
Heap after GC invocations=1 (full 0):
 PSYoungGen      total 36864K, used 1984K [0x00000000d6f00000, 0x00000000d9800000, 0x0000000100000000)
  eden space 31744K, 0% used [0x00000000d6f00000,0x00000000d6f00000,0x00000000d8e00000)
  from space 5120K, 38% used [0x00000000d8e00000,0x00000000d8ff0000,0x00000000d9300000)
  to   space 5120K, 0% used [0x00000000d9300000,0x00000000d9300000,0x00000000d9800000)
 ParOldGen       total 84992K, used 16K [0x0000000084c00000, 0x0000000089f00000, 0x00000000d6f00000)
  object space 84992K, 0% used [0x0000000084c00000,0x0000000084c04000,0x0000000089f00000)
 Metaspace       used 12640K, capacity 12820K, committed 13056K, reserved 1060864K
  class space    used 1433K, capacity 1515K, committed 1536K, reserved 1048576K
}

Deoptimization events (10 events):
Event: 63,741 Thread 0x00007fe374004800 Uncommon trap: reason=unstable_if action=reinterpret pc=0x00007fe3c4600144 method=sun.java2d.xr.XRCompositeManager.maskRequired()Z @ 11
Event: 63,742 Thread 0x00007fe374004800 Uncommon trap: reason=null_check action=make_not_entrant pc=0x00007fe3c46238b8 method=sun.font.FontDesignMetrics.getMetrics(Ljava/awt/Font;Ljava/awt/font/FontRenderContext;)Lsun/font/FontDesignMetrics; @ 85
Event: 63,742 Thread 0x00007fe374004800 Uncommon trap: reason=unstable_if action=reinterpret pc=0x00007fe3c45dedd4 method=sun.swing.SwingUtilities2.stringWidth(Ljavax/swing/JComponent;Ljava/awt/FontMetrics;Ljava/lang/String;)I @ 10
Event: 63,745 Thread 0x00007fe374004800 Uncommon trap: reason=unstable_if action=reinterpret pc=0x00007fe3c45ebd64 method=java.awt.font.FontRenderContext.equals(Ljava/awt/font/FontRenderContext;)Z @ 35
Event: 63,754 Thread 0x00007fe374004800 Uncommon trap: reason=class_check action=maybe_recompile pc=0x00007fe3c45269b4 method=sun.java2d.loops.SurfaceType.pixelFor(ILjava/awt/image/ColorModel;)I @ 6
Event: 63,754 Thread 0x00007fe374004800 Uncommon trap: reason=class_check action=maybe_recompile pc=0x00007fe3c45269b4 method=sun.java2d.loops.SurfaceType.pixelFor(ILjava/awt/image/ColorModel;)I @ 6
Event: 63,851 Thread 0x00007fe374004800 Uncommon trap: reason=unstable_if action=reinterpret pc=0x00007fe3c4574cd0 method=java.awt.font.FontRenderContext.equals(Ljava/awt/font/FontRenderContext;)Z @ 35
Event: 65,598 Thread 0x00007fe374004800 Uncommon trap: reason=class_check action=maybe_recompile pc=0x00007fe3c4747f2c method=javax.swing.RepaintManager.addDirtyRegion0(Ljava/awt/Container;IIII)V @ 91
Event: 65,836 Thread 0x00007fe374004800 Uncommon trap: reason=class_check action=maybe_recompile pc=0x00007fe3c4747f2c method=javax.swing.RepaintManager.addDirtyRegion0(Ljava/awt/Container;IIII)V @ 91
Event: 65,970 Thread 0x00007fe374004800 Uncommon trap: reason=unstable_if action=reinterpret pc=0x00007fe3c4746b18 method=javax.swing.RepaintManager.addDirtyRegion0(Ljava/awt/Container;IIII)V @ 61

Internal exceptions (10 events):
Event: 0,309 Thread 0x00007fe3d400a800 Exception <a 'java/security/PrivilegedActionException'> (0x00000000d705f968) thrown at [/HUDSON3/workspace/8-2-build-linux-amd64/jdk8u121/8372/hotspot/src/share/vm/prims/jvm.cpp, line 1390]
Event: 0,311 Thread 0x00007fe3d400a800 Exception <a 'java/security/PrivilegedActionException'> (0x00000000d7061ee0) thrown at [/HUDSON3/workspace/8-2-build-linux-amd64/jdk8u121/8372/hotspot/src/share/vm/prims/jvm.cpp, line 1390]
Event: 0,311 Thread 0x00007fe3d400a800 Exception <a 'java/security/PrivilegedActionException'> (0x00000000d70620f0) thrown at [/HUDSON3/workspace/8-2-build-linux-amd64/jdk8u121/8372/hotspot/src/share/vm/prims/jvm.cpp, line 1390]
Event: 0,515 Thread 0x00007fe3d400a800 Exception <a 'java/lang/NoSuchFieldError': method resolution failed> (0x00000000d71def48) thrown at [/HUDSON3/workspace/8-2-build-linux-amd64/jdk8u121/8372/hotspot/src/share/vm/prims/methodHandles.cpp, line 1146]
Event: 0,526 Thread 0x00007fe3d400a800 Exception <a 'java/lang/NoSuchFieldError': method resolution failed> (0x00000000d71ec718) thrown at [/HUDSON3/workspace/8-2-build-linux-amd64/jdk8u121/8372/hotspot/src/share/vm/prims/methodHandles.cpp, line 1146]
Event: 0,645 Thread 0x00007fe3d400a800 Exception <a 'java/io/FileNotFoundException'> (0x00000000d726b0c8) thrown at [/HUDSON3/workspace/8-2-build-linux-amd64/jdk8u121/8372/hotspot/src/share/vm/prims/jni.cpp, line 709]
Event: 0,645 Thread 0x00007fe3d400a800 Exception <a 'java/io/FileNotFoundException'> (0x00000000d726ba78) thrown at [/HUDSON3/workspace/8-2-build-linux-amd64/jdk8u121/8372/hotspot/src/share/vm/prims/jni.cpp, line 709]
Event: 2,133 Thread 0x00007fe374004800 Exception <a 'java/lang/UnsupportedOperationException': > (0x00000000d758b388) thrown at [/HUDSON3/workspace/8-2-build-linux-amd64/jdk8u121/8372/hotspot/src/share/vm/prims/jni.cpp, line 735]
Event: 63,742 Thread 0x00007fe374004800 Implicit null exception at 0x00007fe3c46236bb to 0x00007fe3c46238ae
Event: 63,851 Thread 0x00007fe374004800 Exception <a 'java/lang/UnsupportedOperationException': > (0x00000000d87b8c80) thrown at [/HUDSON3/workspace/8-2-build-linux-amd64/jdk8u121/8372/hotspot/src/share/vm/prims/jni.cpp, line 735]

Events (10 events):
Event: 1351,356 loading class sun/awt/EventQueueDelegate$Delegate
Event: 1351,356 loading class sun/awt/EventQueueDelegate$Delegate done
Event: 1900,097 Executing VM operation: ParallelGCFailedAllocation
Event: 1900,106 Executing VM operation: ParallelGCFailedAllocation done
Event: 1900,106 Executing VM operation: RevokeBias
Event: 1900,106 Executing VM operation: RevokeBias done
Event: 1900,106 loading class sun/awt/X11/XErrorEvent
Event: 1900,106 Executing VM operation: RevokeBias
Event: 1900,106 Executing VM operation: RevokeBias done
Event: 1900,107 loading class sun/awt/X11/XErrorEvent done


Dynamic libraries:
00400000-00401000 r-xp 00000000 08:02 14684430                           /home/aslak/jdk1.8.0_121/bin/java
00600000-00601000 rw-p 00000000 08:02 14684430                           /home/aslak/jdk1.8.0_121/bin/java
0231a000-0233b000 rw-p 00000000 00:00 0                                  [heap]
84c00000-89f00000 rw-p 00000000 00:00 0 
89f00000-d6f00000 ---p 00000000 00:00 0 
d6f00000-d9800000 rw-p 00000000 00:00 0 
d9800000-100000000 ---p 00000000 00:00 0 
100000000-100180000 rw-p 00000000 00:00 0 
100180000-140000000 ---p 00000000 00:00 0 
7fe364000000-7fe364021000 rw-p 00000000 00:00 0 
7fe364021000-7fe368000000 ---p 00000000 00:00 0 
7fe36c000000-7fe36c0c2000 rw-p 00000000 00:00 0 
7fe36c0c2000-7fe370000000 ---p 00000000 00:00 0 
7fe370000000-7fe37028d000 rw-p 00000000 00:00 0 
7fe37028d000-7fe374000000 ---p 00000000 00:00 0 
7fe374000000-7fe374295000 rw-p 00000000 00:00 0 
7fe374295000-7fe378000000 ---p 00000000 00:00 0 
7fe378000000-7fe378021000 rw-p 00000000 00:00 0 
7fe378021000-7fe37c000000 ---p 00000000 00:00 0 
7fe37c000000-7fe37c021000 rw-p 00000000 00:00 0 
7fe37c021000-7fe380000000 ---p 00000000 00:00 0 
7fe380000000-7fe380021000 rw-p 00000000 00:00 0 
7fe380021000-7fe384000000 ---p 00000000 00:00 0 
7fe384000000-7fe384021000 rw-p 00000000 00:00 0 
7fe384021000-7fe388000000 ---p 00000000 00:00 0 
7fe388000000-7fe388021000 rw-p 00000000 00:00 0 
7fe388021000-7fe38c000000 ---p 00000000 00:00 0 
7fe38c000000-7fe38c7a1000 rw-p 00000000 00:00 0 
7fe38c7a1000-7fe390000000 ---p 00000000 00:00 0 
7fe390000000-7fe3907d8000 rw-p 00000000 00:00 0 
7fe3907d8000-7fe394000000 ---p 00000000 00:00 0 
7fe394000000-7fe394021000 rw-p 00000000 00:00 0 
7fe394021000-7fe398000000 ---p 00000000 00:00 0 
7fe398000000-7fe398f2f000 rw-p 00000000 00:00 0 
7fe398f2f000-7fe39c000000 ---p 00000000 00:00 0 
7fe39c000000-7fe39c021000 rw-p 00000000 00:00 0 
7fe39c021000-7fe3a0000000 ---p 00000000 00:00 0 
7fe3a0000000-7fe3a0021000 rw-p 00000000 00:00 0 
7fe3a0021000-7fe3a4000000 ---p 00000000 00:00 0 
7fe3a4000000-7fe3a4021000 rw-p 00000000 00:00 0 
7fe3a4021000-7fe3a8000000 ---p 00000000 00:00 0 
7fe3a8000000-7fe3a8021000 rw-p 00000000 00:00 0 
7fe3a8021000-7fe3ac000000 ---p 00000000 00:00 0 
7fe3ac000000-7fe3ac021000 rw-p 00000000 00:00 0 
7fe3ac021000-7fe3b0000000 ---p 00000000 00:00 0 
7fe3b1371000-7fe3b1374000 ---p 00000000 00:00 0 
7fe3b1374000-7fe3b1472000 rw-p 00000000 00:00 0 
7fe3b1472000-7fe3b1475000 ---p 00000000 00:00 0 
7fe3b1475000-7fe3b16b3000 rw-p 00000000 00:00 0 
7fe3b16b3000-7fe3b1773000 ---p 00000000 00:00 0 
7fe3b1773000-7fe3b1776000 ---p 00000000 00:00 0 
7fe3b1776000-7fe3b1874000 rw-p 00000000 00:00 0 
7fe3b1874000-7fe3b18dd000 r-xp 00000000 08:02 14684571                   /home/aslak/jdk1.8.0_121/jre/lib/amd64/libt2k.so
7fe3b18dd000-7fe3b1add000 ---p 00069000 08:02 14684571                   /home/aslak/jdk1.8.0_121/jre/lib/amd64/libt2k.so
7fe3b1add000-7fe3b1ae4000 rw-p 00069000 08:02 14684571                   /home/aslak/jdk1.8.0_121/jre/lib/amd64/libt2k.so
7fe3b1ae4000-7fe3b1af4000 rw-p 00000000 00:00 0 
7fe3b1af4000-7fe3b1b05000 r-xp 00000000 08:02 14684539                   /home/aslak/jdk1.8.0_121/jre/lib/amd64/libnio.so
7fe3b1b05000-7fe3b1d04000 ---p 00011000 08:02 14684539                   /home/aslak/jdk1.8.0_121/jre/lib/amd64/libnio.so
7fe3b1d04000-7fe3b1d05000 rw-p 00010000 08:02 14684539                   /home/aslak/jdk1.8.0_121/jre/lib/amd64/libnio.so
7fe3b1d05000-7fe3b1f05000 rw-p 00000000 00:00 0 
7fe3b1f05000-7fe3b1f08000 ---p 00000000 00:00 0 
7fe3b1f08000-7fe3b2006000 rw-p 00000000 00:00 0 
7fe3b2006000-7fe3b2009000 ---p 00000000 00:00 0 
7fe3b2009000-7fe3b2107000 rw-p 00000000 00:00 0 
7fe3b2107000-7fe3b210c000 r-xp 00000000 08:02 9052009                    /usr/lib/x86_64-linux-gnu/libXfixes.so.3.1.0
7fe3b210c000-7fe3b230b000 ---p 00005000 08:02 9052009                    /usr/lib/x86_64-linux-gnu/libXfixes.so.3.1.0
7fe3b230b000-7fe3b230c000 r--p 00004000 08:02 9052009                    /usr/lib/x86_64-linux-gnu/libXfixes.so.3.1.0
7fe3b230c000-7fe3b230d000 rw-p 00005000 08:02 9052009                    /usr/lib/x86_64-linux-gnu/libXfixes.so.3.1.0
7fe3b230d000-7fe3b2316000 r-xp 00000000 08:02 9052001                    /usr/lib/x86_64-linux-gnu/libXcursor.so.1.0.2
7fe3b2316000-7fe3b2515000 ---p 00009000 08:02 9052001                    /usr/lib/x86_64-linux-gnu/libXcursor.so.1.0.2
7fe3b2515000-7fe3b2516000 r--p 00008000 08:02 9052001                    /usr/lib/x86_64-linux-gnu/libXcursor.so.1.0.2
7fe3b2516000-7fe3b2517000 rw-p 00009000 08:02 9052001                    /usr/lib/x86_64-linux-gnu/libXcursor.so.1.0.2
7fe3b2517000-7fe3b251a000 ---p 00000000 00:00 0 
7fe3b251a000-7fe3b2618000 rw-p 00000000 00:00 0 
7fe3b2618000-7fe3b262e000 r-xp 00000000 08:02 4198827                    /lib/x86_64-linux-gnu/libgcc_s.so.1
7fe3b262e000-7fe3b282d000 ---p 00016000 08:02 4198827                    /lib/x86_64-linux-gnu/libgcc_s.so.1
7fe3b282d000-7fe3b282e000 rw-p 00015000 08:02 4198827                    /lib/x86_64-linux-gnu/libgcc_s.so.1
7fe3b282e000-7fe3b2893000 r-xp 00000000 08:02 14684533                   /home/aslak/jdk1.8.0_121/jre/lib/amd64/libfontmanager.so
7fe3b2893000-7fe3b2a92000 ---p 00065000 08:02 14684533                   /home/aslak/jdk1.8.0_121/jre/lib/amd64/libfontmanager.so
7fe3b2a92000-7fe3b2a97000 rw-p 00064000 08:02 14684533                   /home/aslak/jdk1.8.0_121/jre/lib/amd64/libfontmanager.so
7fe3b2a97000-7fe3b2aa7000 rw-p 00000000 00:00 0 
7fe3b2aa7000-7fe3b2aac000 r-xp 00000000 08:02 9052005                    /usr/lib/x86_64-linux-gnu/libXdmcp.so.6.0.0
7fe3b2aac000-7fe3b2cab000 ---p 00005000 08:02 9052005                    /usr/lib/x86_64-linux-gnu/libXdmcp.so.6.0.0
7fe3b2cab000-7fe3b2cac000 r--p 00004000 08:02 9052005                    /usr/lib/x86_64-linux-gnu/libXdmcp.so.6.0.0
7fe3b2cac000-7fe3b2cad000 rw-p 00005000 08:02 9052005                    /usr/lib/x86_64-linux-gnu/libXdmcp.so.6.0.0
7fe3b2cad000-7fe3b2caf000 r-xp 00000000 08:02 9051994                    /usr/lib/x86_64-linux-gnu/libXau.so.6.0.0
7fe3b2caf000-7fe3b2eaf000 ---p 00002000 08:02 9051994                    /usr/lib/x86_64-linux-gnu/libXau.so.6.0.0
7fe3b2eaf000-7fe3b2eb0000 r--p 00002000 08:02 9051994                    /usr/lib/x86_64-linux-gnu/libXau.so.6.0.0
7fe3b2eb0000-7fe3b2eb1000 rw-p 00003000 08:02 9051994                    /usr/lib/x86_64-linux-gnu/libXau.so.6.0.0
7fe3b2eb1000-7fe3b2ed2000 r-xp 00000000 08:02 9053372                    /usr/lib/x86_64-linux-gnu/libxcb.so.1.1.0
7fe3b2ed2000-7fe3b30d1000 ---p 00021000 08:02 9053372                    /usr/lib/x86_64-linux-gnu/libxcb.so.1.1.0
7fe3b30d1000-7fe3b30d2000 r--p 00020000 08:02 9053372                    /usr/lib/x86_64-linux-gnu/libxcb.so.1.1.0
7fe3b30d2000-7fe3b30d3000 rw-p 00021000 08:02 9053372                    /usr/lib/x86_64-linux-gnu/libxcb.so.1.1.0
7fe3b30d3000-7fe3b30e2000 r-xp 00000000 08:02 9052015                    /usr/lib/x86_64-linux-gnu/libXi.so.6.1.0
7fe3b30e2000-7fe3b32e1000 ---p 0000f000 08:02 9052015                    /usr/lib/x86_64-linux-gnu/libXi.so.6.1.0
7fe3b32e1000-7fe3b32e2000 r--p 0000e000 08:02 9052015                    /usr/lib/x86_64-linux-gnu/libXi.so.6.1.0
7fe3b32e2000-7fe3b32e3000 rw-p 0000f000 08:02 9052015                    /usr/lib/x86_64-linux-gnu/libXi.so.6.1.0
7fe3b32e3000-7fe3b32e8000 r-xp 00000000 08:02 9052033                    /usr/lib/x86_64-linux-gnu/libXtst.so.6.1.0
7fe3b32e8000-7fe3b34e7000 ---p 00005000 08:02 9052033                    /usr/lib/x86_64-linux-gnu/libXtst.so.6.1.0
7fe3b34e7000-7fe3b34e8000 r--p 00004000 08:02 9052033                    /usr/lib/x86_64-linux-gnu/libXtst.so.6.1.0
7fe3b34e8000-7fe3b34e9000 rw-p 00005000 08:02 9052033                    /usr/lib/x86_64-linux-gnu/libXtst.so.6.1.0
7fe3b34e9000-7fe3b34f2000 r-xp 00000000 08:02 9052027                    /usr/lib/x86_64-linux-gnu/libXrender.so.1.3.0
7fe3b34f2000-7fe3b36f1000 ---p 00009000 08:02 9052027                    /usr/lib/x86_64-linux-gnu/libXrender.so.1.3.0
7fe3b36f1000-7fe3b36f2000 r--p 00008000 08:02 9052027                    /usr/lib/x86_64-linux-gnu/libXrender.so.1.3.0
7fe3b36f2000-7fe3b36f3000 rw-p 00009000 08:02 9052027                    /usr/lib/x86_64-linux-gnu/libXrender.so.1.3.0
7fe3b36f3000-7fe3b3828000 r-xp 00000000 08:02 9051990                    /usr/lib/x86_64-linux-gnu/libX11.so.6.3.0
7fe3b3828000-7fe3b3a28000 ---p 00135000 08:02 9051990                    /usr/lib/x86_64-linux-gnu/libX11.so.6.3.0
7fe3b3a28000-7fe3b3a29000 r--p 00135000 08:02 9051990                    /usr/lib/x86_64-linux-gnu/libX11.so.6.3.0
7fe3b3a29000-7fe3b3a2d000 rw-p 00136000 08:02 9051990                    /usr/lib/x86_64-linux-gnu/libX11.so.6.3.0
7fe3b3a2d000-7fe3b3acf000 r-xp 00000000 08:02 14684574                   /home/aslak/jdk1.8.0_121/jre/lib/amd64/libawt.so
7fe3b3acf000-7fe3b3ccf000 ---p 000a2000 08:02 14684574                   /home/aslak/jdk1.8.0_121/jre/lib/amd64/libawt.so
7fe3b3ccf000-7fe3b3cdb000 rw-p 000a2000 08:02 14684574                   /home/aslak/jdk1.8.0_121/jre/lib/amd64/libawt.so
7fe3b3cdb000-7fe3b4000000 rw-p 00000000 00:00 0 
7fe3b4000000-7fe3b4021000 rw-p 00000000 00:00 0 
7fe3b4021000-7fe3b8000000 ---p 00000000 00:00 0 
7fe3b804e000-7fe3b805f000 r-xp 00000000 08:02 9052007                    /usr/lib/x86_64-linux-gnu/libXext.so.6.4.0
7fe3b805f000-7fe3b825e000 ---p 00011000 08:02 9052007                    /usr/lib/x86_64-linux-gnu/libXext.so.6.4.0
7fe3b825e000-7fe3b825f000 r--p 00010000 08:02 9052007                    /usr/lib/x86_64-linux-gnu/libXext.so.6.4.0
7fe3b825f000-7fe3b8260000 rw-p 00011000 08:02 9052007                    /usr/lib/x86_64-linux-gnu/libXext.so.6.4.0
7fe3b8260000-7fe3bc000000 rw-p 00000000 00:00 0 
7fe3bc000000-7fe3bc021000 rw-p 00000000 00:00 0 
7fe3bc021000-7fe3c0000000 ---p 00000000 00:00 0 
7fe3c0047000-7fe3c004e000 r--s 00000000 08:02 9317206                    /usr/lib/x86_64-linux-gnu/gconv/gconv-modules.cache
7fe3c004e000-7fe3c005e000 r--p 00000000 08:02 11537872                   /usr/share/locale-langpack/nb/LC_MESSAGES/libc.mo
7fe3c005e000-7fe3c00b2000 r-xp 00000000 08:02 14684541                   /home/aslak/jdk1.8.0_121/jre/lib/amd64/libawt_xawt.so
7fe3c00b2000-7fe3c02b2000 ---p 00054000 08:02 14684541                   /home/aslak/jdk1.8.0_121/jre/lib/amd64/libawt_xawt.so
7fe3c02b2000-7fe3c02b6000 rw-p 00054000 08:02 14684541                   /home/aslak/jdk1.8.0_121/jre/lib/amd64/libawt_xawt.so
7fe3c02b6000-7fe3c02b7000 rw-p 00000000 00:00 0 
7fe3c02b7000-7fe3c02cd000 r-xp 00000000 08:02 14684514                   /home/aslak/jdk1.8.0_121/jre/lib/amd64/libnet.so
7fe3c02cd000-7fe3c04cd000 ---p 00016000 08:02 14684514                   /home/aslak/jdk1.8.0_121/jre/lib/amd64/libnet.so
7fe3c04cd000-7fe3c04ce000 rw-p 00016000 08:02 14684514                   /home/aslak/jdk1.8.0_121/jre/lib/amd64/libnet.so
7fe3c04ce000-7fe3c04d1000 ---p 00000000 00:00 0 
7fe3c04d1000-7fe3c05cf000 rw-p 00000000 00:00 0 
7fe3c05cf000-7fe3c05d0000 r-xp 00000000 08:02 14692656                   /home/aslak/IntelliJ/bin/libbreakgen64.so
7fe3c05d0000-7fe3c07cf000 ---p 00001000 08:02 14692656                   /home/aslak/IntelliJ/bin/libbreakgen64.so
7fe3c07cf000-7fe3c07d0000 r--p 00000000 08:02 14692656                   /home/aslak/IntelliJ/bin/libbreakgen64.so
7fe3c07d0000-7fe3c07d1000 rw-p 00001000 08:02 14692656                   /home/aslak/IntelliJ/bin/libbreakgen64.so
7fe3c07d1000-7fe3c07e4000 r--s 00345000 08:02 14684738                   /home/aslak/jdk1.8.0_121/jre/lib/resources.jar
7fe3c07e4000-7fe3c07f6000 r--s 000d6000 08:02 14684737                   /home/aslak/jdk1.8.0_121/jre/lib/plugin.jar
7fe3c07f6000-7fe3c0811000 r--s 00209000 08:02 14684622                   /home/aslak/jdk1.8.0_121/jre/lib/deploy.jar
7fe3c0811000-7fe3c0812000 ---p 00000000 00:00 0 
7fe3c0812000-7fe3c0912000 rw-p 00000000 00:00 0 
7fe3c0912000-7fe3c0915000 ---p 00000000 00:00 0 
7fe3c0915000-7fe3c0a13000 rw-p 00000000 00:00 0 
7fe3c0a13000-7fe3c0a16000 ---p 00000000 00:00 0 
7fe3c0a16000-7fe3c0b14000 rw-p 00000000 00:00 0 
7fe3c0b14000-7fe3c0b17000 ---p 00000000 00:00 0 
7fe3c0b17000-7fe3c0c15000 rw-p 00000000 00:00 0 
7fe3c0c15000-7fe3c0c18000 ---p 00000000 00:00 0 
7fe3c0c18000-7fe3c0d16000 rw-p 00000000 00:00 0 
7fe3c0d16000-7fe3c0d19000 ---p 00000000 00:00 0 
7fe3c0d19000-7fe3c0e17000 rw-p 00000000 00:00 0 
7fe3c0e17000-7fe3c126e000 r--p 00000000 08:02 9047608                    /usr/lib/locale/locale-archive
7fe3c126e000-7fe3c1271000 ---p 00000000 00:00 0 
7fe3c1271000-7fe3c136f000 rw-p 00000000 00:00 0 
7fe3c136f000-7fe3c1372000 ---p 00000000 00:00 0 
7fe3c1372000-7fe3c1470000 rw-p 00000000 00:00 0 
7fe3c1470000-7fe3c1471000 ---p 00000000 00:00 0 
7fe3c1471000-7fe3c2511000 rw-p 00000000 00:00 0 
7fe3c2511000-7fe3c26ea000 r--s 03d3e000 08:02 14684506                   /home/aslak/jdk1.8.0_121/jre/lib/rt.jar
7fe3c26ea000-7fe3c333a000 rw-p 00000000 00:00 0 
7fe3c333a000-7fe3c333b000 ---p 00000000 00:00 0 
7fe3c333b000-7fe3c343b000 rw-p 00000000 00:00 0 
7fe3c343b000-7fe3c343c000 ---p 00000000 00:00 0 
7fe3c343c000-7fe3c353c000 rw-p 00000000 00:00 0 
7fe3c353c000-7fe3c353d000 ---p 00000000 00:00 0 
7fe3c353d000-7fe3c363d000 rw-p 00000000 00:00 0 
7fe3c363d000-7fe3c363e000 ---p 00000000 00:00 0 
7fe3c363e000-7fe3c3768000 rw-p 00000000 00:00 0 
7fe3c3768000-7fe3c39d0000 ---p 00000000 00:00 0 
7fe3c39d0000-7fe3c39fa000 rw-p 00000000 00:00 0 
7fe3c39fa000-7fe3c3c61000 ---p 00000000 00:00 0 
7fe3c3c61000-7fe3c3c76000 rw-p 00000000 00:00 0 
7fe3c3c76000-7fe3c3daa000 ---p 00000000 00:00 0 
7fe3c3daa000-7fe3c3dc6000 rw-p 00000000 00:00 0 
7fe3c3dc6000-7fe3c416b000 ---p 00000000 00:00 0 
7fe3c416b000-7fe3c47fb000 rwxp 00000000 00:00 0 
7fe3c47fb000-7fe3d316b000 ---p 00000000 00:00 0 
7fe3d316b000-7fe3d3185000 r-xp 00000000 08:02 14684537                   /home/aslak/jdk1.8.0_121/jre/lib/amd64/libzip.so
7fe3d3185000-7fe3d3385000 ---p 0001a000 08:02 14684537                   /home/aslak/jdk1.8.0_121/jre/lib/amd64/libzip.so
7fe3d3385000-7fe3d3386000 rw-p 0001a000 08:02 14684537                   /home/aslak/jdk1.8.0_121/jre/lib/amd64/libzip.so
7fe3d3386000-7fe3d3391000 r-xp 00000000 08:02 4198834                    /lib/x86_64-linux-gnu/libnss_files-2.23.so
7fe3d3391000-7fe3d3590000 ---p 0000b000 08:02 4198834                    /lib/x86_64-linux-gnu/libnss_files-2.23.so
7fe3d3590000-7fe3d3591000 r--p 0000a000 08:02 4198834                    /lib/x86_64-linux-gnu/libnss_files-2.23.so
7fe3d3591000-7fe3d3592000 rw-p 0000b000 08:02 4198834                    /lib/x86_64-linux-gnu/libnss_files-2.23.so
7fe3d3592000-7fe3d3598000 rw-p 00000000 00:00 0 
7fe3d3598000-7fe3d35a3000 r-xp 00000000 08:02 4198769                    /lib/x86_64-linux-gnu/libnss_nis-2.23.so
7fe3d35a3000-7fe3d37a2000 ---p 0000b000 08:02 4198769                    /lib/x86_64-linux-gnu/libnss_nis-2.23.so
7fe3d37a2000-7fe3d37a3000 r--p 0000a000 08:02 4198769                    /lib/x86_64-linux-gnu/libnss_nis-2.23.so
7fe3d37a3000-7fe3d37a4000 rw-p 0000b000 08:02 4198769                    /lib/x86_64-linux-gnu/libnss_nis-2.23.so
7fe3d37a4000-7fe3d37ba000 r-xp 00000000 08:02 4198795                    /lib/x86_64-linux-gnu/libnsl-2.23.so
7fe3d37ba000-7fe3d39b9000 ---p 00016000 08:02 4198795                    /lib/x86_64-linux-gnu/libnsl-2.23.so
7fe3d39b9000-7fe3d39ba000 r--p 00015000 08:02 4198795                    /lib/x86_64-linux-gnu/libnsl-2.23.so
7fe3d39ba000-7fe3d39bb000 rw-p 00016000 08:02 4198795                    /lib/x86_64-linux-gnu/libnsl-2.23.so
7fe3d39bb000-7fe3d39bd000 rw-p 00000000 00:00 0 
7fe3d39bd000-7fe3d39c5000 r-xp 00000000 08:02 4198860                    /lib/x86_64-linux-gnu/libnss_compat-2.23.so
7fe3d39c5000-7fe3d3bc4000 ---p 00008000 08:02 4198860                    /lib/x86_64-linux-gnu/libnss_compat-2.23.so
7fe3d3bc4000-7fe3d3bc5000 r--p 00007000 08:02 4198860                    /lib/x86_64-linux-gnu/libnss_compat-2.23.so
7fe3d3bc5000-7fe3d3bc6000 rw-p 00008000 08:02 4198860                    /lib/x86_64-linux-gnu/libnss_compat-2.23.so
7fe3d3bc6000-7fe3d3bf1000 r-xp 00000000 08:02 14684564                   /home/aslak/jdk1.8.0_121/jre/lib/amd64/libjava.so
7fe3d3bf1000-7fe3d3df0000 ---p 0002b000 08:02 14684564                   /home/aslak/jdk1.8.0_121/jre/lib/amd64/libjava.so
7fe3d3df0000-7fe3d3df2000 rw-p 0002a000 08:02 14684564                   /home/aslak/jdk1.8.0_121/jre/lib/amd64/libjava.so
7fe3d3df2000-7fe3d3dff000 r-xp 00000000 08:02 14684515                   /home/aslak/jdk1.8.0_121/jre/lib/amd64/libverify.so
7fe3d3dff000-7fe3d3ffe000 ---p 0000d000 08:02 14684515                   /home/aslak/jdk1.8.0_121/jre/lib/amd64/libverify.so
7fe3d3ffe000-7fe3d4000000 rw-p 0000c000 08:02 14684515                   /home/aslak/jdk1.8.0_121/jre/lib/amd64/libverify.so
7fe3d4000000-7fe3d429f000 rw-p 00000000 00:00 0 
7fe3d429f000-7fe3d8000000 ---p 00000000 00:00 0 
7fe3d8003000-7fe3d8008000 r--s 002f9000 08:02 14684459                   /home/aslak/jdk1.8.0_121/jre/lib/charsets.jar
7fe3d8008000-7fe3d804a000 rw-p 00000000 00:00 0 
7fe3d804a000-7fe3d8051000 r-xp 00000000 08:02 4198861                    /lib/x86_64-linux-gnu/librt-2.23.so
7fe3d8051000-7fe3d8250000 ---p 00007000 08:02 4198861                    /lib/x86_64-linux-gnu/librt-2.23.so
7fe3d8250000-7fe3d8251000 r--p 00006000 08:02 4198861                    /lib/x86_64-linux-gnu/librt-2.23.so
7fe3d8251000-7fe3d8252000 rw-p 00007000 08:02 4198861                    /lib/x86_64-linux-gnu/librt-2.23.so
7fe3d8252000-7fe3d835a000 r-xp 00000000 08:02 4198790                    /lib/x86_64-linux-gnu/libm-2.23.so
7fe3d835a000-7fe3d8559000 ---p 00108000 08:02 4198790                    /lib/x86_64-linux-gnu/libm-2.23.so
7fe3d8559000-7fe3d855a000 r--p 00107000 08:02 4198790                    /lib/x86_64-linux-gnu/libm-2.23.so
7fe3d855a000-7fe3d855b000 rw-p 00108000 08:02 4198790                    /lib/x86_64-linux-gnu/libm-2.23.so
7fe3d855b000-7fe3d9229000 r-xp 00000000 08:02 14684568                   /home/aslak/jdk1.8.0_121/jre/lib/amd64/server/libjvm.so
7fe3d9229000-7fe3d9429000 ---p 00cce000 08:02 14684568                   /home/aslak/jdk1.8.0_121/jre/lib/amd64/server/libjvm.so
7fe3d9429000-7fe3d9502000 rw-p 00cce000 08:02 14684568                   /home/aslak/jdk1.8.0_121/jre/lib/amd64/server/libjvm.so
7fe3d9502000-7fe3d954d000 rw-p 00000000 00:00 0 
7fe3d954d000-7fe3d970c000 r-xp 00000000 08:02 4198796                    /lib/x86_64-linux-gnu/libc-2.23.so
7fe3d970c000-7fe3d990c000 ---p 001bf000 08:02 4198796                    /lib/x86_64-linux-gnu/libc-2.23.so
7fe3d990c000-7fe3d9910000 r--p 001bf000 08:02 4198796                    /lib/x86_64-linux-gnu/libc-2.23.so
7fe3d9910000-7fe3d9912000 rw-p 001c3000 08:02 4198796                    /lib/x86_64-linux-gnu/libc-2.23.so
7fe3d9912000-7fe3d9916000 rw-p 00000000 00:00 0 
7fe3d9916000-7fe3d9919000 r-xp 00000000 08:02 4198768                    /lib/x86_64-linux-gnu/libdl-2.23.so
7fe3d9919000-7fe3d9b18000 ---p 00003000 08:02 4198768                    /lib/x86_64-linux-gnu/libdl-2.23.so
7fe3d9b18000-7fe3d9b19000 r--p 00002000 08:02 4198768                    /lib/x86_64-linux-gnu/libdl-2.23.so
7fe3d9b19000-7fe3d9b1a000 rw-p 00003000 08:02 4198768                    /lib/x86_64-linux-gnu/libdl-2.23.so
7fe3d9b1a000-7fe3d9b2f000 r-xp 00000000 08:02 14683649                   /home/aslak/jdk1.8.0_121/lib/amd64/jli/libjli.so
7fe3d9b2f000-7fe3d9d2f000 ---p 00015000 08:02 14683649                   /home/aslak/jdk1.8.0_121/lib/amd64/jli/libjli.so
7fe3d9d2f000-7fe3d9d30000 rw-p 00015000 08:02 14683649                   /home/aslak/jdk1.8.0_121/lib/amd64/jli/libjli.so
7fe3d9d30000-7fe3d9d48000 r-xp 00000000 08:02 4198885                    /lib/x86_64-linux-gnu/libpthread-2.23.so
7fe3d9d48000-7fe3d9f47000 ---p 00018000 08:02 4198885                    /lib/x86_64-linux-gnu/libpthread-2.23.so
7fe3d9f47000-7fe3d9f48000 r--p 00017000 08:02 4198885                    /lib/x86_64-linux-gnu/libpthread-2.23.so
7fe3d9f48000-7fe3d9f49000 rw-p 00018000 08:02 4198885                    /lib/x86_64-linux-gnu/libpthread-2.23.so
7fe3d9f49000-7fe3d9f4d000 rw-p 00000000 00:00 0 
7fe3d9f4d000-7fe3d9f73000 r-xp 00000000 08:02 4198800                    /lib/x86_64-linux-gnu/ld-2.23.so
7fe3d9f76000-7fe3d9f78000 r--s 00019000 08:02 14685155                   /home/aslak/IntelliJ/lib/idea_rt.jar
7fe3d9f78000-7fe3d9f79000 r--s 00000000 08:02 14684585                   /home/aslak/jdk1.8.0_121/jre/lib/management-agent.jar
7fe3d9f79000-7fe3d9f7d000 r--s 0009a000 08:02 14684458                   /home/aslak/jdk1.8.0_121/jre/lib/jsse.jar
7fe3d9f7d000-7fe3d9f7f000 r--s 00007000 08:02 14684579                   /home/aslak/jdk1.8.0_121/jre/lib/jfxswt.jar
7fe3d9f7f000-7fe3d9f84000 r--s 00084000 08:02 14684613                   /home/aslak/jdk1.8.0_121/jre/lib/jfr.jar
7fe3d9f84000-7fe3da04f000 rw-p 00000000 00:00 0 
7fe3da04f000-7fe3da052000 ---p 00000000 00:00 0 
7fe3da052000-7fe3da154000 rw-p 00000000 00:00 0 
7fe3da154000-7fe3da157000 r--s 0001a000 08:02 14684768                   /home/aslak/jdk1.8.0_121/jre/lib/jce.jar
7fe3da157000-7fe3da161000 r--s 0006c000 08:02 14684621                   /home/aslak/jdk1.8.0_121/jre/lib/javaws.jar
7fe3da161000-7fe3da166000 r--s 002f9000 08:02 14684459                   /home/aslak/jdk1.8.0_121/jre/lib/charsets.jar
7fe3da166000-7fe3da16e000 rw-s 00000000 08:02 8126633                    /tmp/hsperfdata_aslak/6296
7fe3da16e000-7fe3da16f000 rw-p 00000000 00:00 0 
7fe3da16f000-7fe3da170000 r--p 00000000 00:00 0 
7fe3da170000-7fe3da172000 rw-p 00000000 00:00 0 
7fe3da172000-7fe3da173000 r--p 00025000 08:02 4198800                    /lib/x86_64-linux-gnu/ld-2.23.so
7fe3da173000-7fe3da174000 rw-p 00026000 08:02 4198800                    /lib/x86_64-linux-gnu/ld-2.23.so
7fe3da174000-7fe3da175000 rw-p 00000000 00:00 0 
7ffd65169000-7ffd6518a000 rw-p 00000000 00:00 0                          [stack]
7ffd651c6000-7ffd651c8000 r--p 00000000 00:00 0                          [vvar]
7ffd651c8000-7ffd651ca000 r-xp 00000000 00:00 0                          [vdso]
ffffffffff600000-ffffffffff601000 r-xp 00000000 00:00 0                  [vsyscall]

VM Arguments:
jvm_args: -Didea.launcher.port=7532 -Didea.launcher.bin.path=/home/aslak/IntelliJ/bin -Dfile.encoding=UTF-8 
java_command: com.intellij.rt.execution.application.AppMain Runner
java_class_path (initial): /home/aslak/jdk1.8.0_121/jre/lib/charsets.jar:/home/aslak/jdk1.8.0_121/jre/lib/deploy.jar:/home/aslak/jdk1.8.0_121/jre/lib/ext/cldrdata.jar:/home/aslak/jdk1.8.0_121/jre/lib/ext/dnsns.jar:/home/aslak/jdk1.8.0_121/jre/lib/ext/jaccess.jar:/home/aslak/jdk1.8.0_121/jre/lib/ext/jfxrt.jar:/home/aslak/jdk1.8.0_121/jre/lib/ext/localedata.jar:/home/aslak/jdk1.8.0_121/jre/lib/ext/nashorn.jar:/home/aslak/jdk1.8.0_121/jre/lib/ext/sunec.jar:/home/aslak/jdk1.8.0_121/jre/lib/ext/sunjce_provider.jar:/home/aslak/jdk1.8.0_121/jre/lib/ext/sunpkcs11.jar:/home/aslak/jdk1.8.0_121/jre/lib/ext/zipfs.jar:/home/aslak/jdk1.8.0_121/jre/lib/javaws.jar:/home/aslak/jdk1.8.0_121/jre/lib/jce.jar:/home/aslak/jdk1.8.0_121/jre/lib/jfr.jar:/home/aslak/jdk1.8.0_121/jre/lib/jfxswt.jar:/home/aslak/jdk1.8.0_121/jre/lib/jsse.jar:/home/aslak/jdk1.8.0_121/jre/lib/management-agent.jar:/home/aslak/jdk1.8.0_121/jre/lib/plugin.jar:/home/aslak/jdk1.8.0_121/jre/lib/resources.jar:/home/aslak/jdk1.8.0_121/jre/lib/rt.jar:/home/aslak/Dokumenter/DAT113-2017/dat113project/att/Connect4/out/production/Connect4:/home/aslak/IntelliJ/lib/idea_rt.jar
Launcher Type: SUN_STANDARD

Environment Variables:
PATH=/home/aslak/bin:/home/aslak/.local/bin:/usr/local/sbin:/usr/local/bin:/usr/sbin:/usr/bin:/sbin:/bin:/usr/games:/usr/local/games:/snap/bin
LD_LIBRARY_PATH=/home/aslak/IntelliJ/bin:
SHELL=/bin/bash
DISPLAY=:0

Signal Handlers:
SIGSEGV: [libjvm.so+0xac78c0], sa_mask[0]=11111111011111111101111111111110, sa_flags=SA_RESTART|SA_SIGINFO
SIGBUS: [libjvm.so+0xac78c0], sa_mask[0]=11111111011111111101111111111110, sa_flags=SA_RESTART|SA_SIGINFO
SIGFPE: [libjvm.so+0x920ac0], sa_mask[0]=11111111011111111101111111111110, sa_flags=SA_RESTART|SA_SIGINFO
SIGPIPE: [libjvm.so+0x920ac0], sa_mask[0]=11111111011111111101111111111110, sa_flags=SA_RESTART|SA_SIGINFO
SIGXFSZ: [libjvm.so+0x920ac0], sa_mask[0]=11111111011111111101111111111110, sa_flags=SA_RESTART|SA_SIGINFO
SIGILL: [libjvm.so+0x920ac0], sa_mask[0]=11111111011111111101111111111110, sa_flags=SA_RESTART|SA_SIGINFO
SIGUSR1: SIG_DFL, sa_mask[0]=00000000000000000000000000000000, sa_flags=none
SIGUSR2: [libjvm.so+0x922300], sa_mask[0]=00100000000000000000000000000000, sa_flags=SA_RESTART|SA_SIGINFO
SIGHUP: [libjvm.so+0x923700], sa_mask[0]=11111111011111111101111111111110, sa_flags=SA_RESTART|SA_SIGINFO
SIGINT: [libjvm.so+0x923700], sa_mask[0]=11111111011111111101111111111110, sa_flags=SA_RESTART|SA_SIGINFO
SIGTERM: [libjvm.so+0x923700], sa_mask[0]=11111111011111111101111111111110, sa_flags=SA_RESTART|SA_SIGINFO
SIGQUIT: [libjvm.so+0x923700], sa_mask[0]=11111111011111111101111111111110, sa_flags=SA_RESTART|SA_SIGINFO


---------------  S Y S T E M  ---------------

OS:DISTRIB_ID=Ubuntu
DISTRIB_RELEASE=16.04
DISTRIB_CODENAME=xenial
DISTRIB_DESCRIPTION="Ubuntu 16.04.2 LTS"

uname:Linux 4.4.0-72-generic #93-Ubuntu SMP Fri Mar 31 14:07:41 UTC 2017 x86_64
libc:glibc 2.23 NPTL 2.23 
rlimit: STACK 8192k, CORE 0k, NPROC 31098, NOFILE 65536, AS infinity
load average:0,58 0,57 0,56

/proc/meminfo:
MemTotal:        8072132 kB
MemFree:         3109040 kB
MemAvailable:    4552556 kB
Buffers:          100496 kB
Cached:          1994952 kB
SwapCached:            0 kB
Active:          3501800 kB
Inactive:        1236688 kB
Active(anon):    2650144 kB
Inactive(anon):   469916 kB
Active(file):     851656 kB
Inactive(file):   766772 kB
Unevictable:          96 kB
Mlocked:              96 kB
SwapTotal:       8285180 kB
SwapFree:        8285180 kB
Dirty:                 0 kB
Writeback:             0 kB
AnonPages:       2630332 kB
Mapped:           341976 kB
Shmem:            476856 kB
Slab:             133872 kB
SReclaimable:      99804 kB
SUnreclaim:        34068 kB
KernelStack:        9136 kB
PageTables:        25452 kB
NFS_Unstable:          0 kB
Bounce:                0 kB
WritebackTmp:          0 kB
CommitLimit:    12321244 kB
Committed_AS:    6037384 kB
VmallocTotal:   34359738367 kB
VmallocUsed:           0 kB
VmallocChunk:          0 kB
HardwareCorrupted:     0 kB
AnonHugePages:   1181696 kB
CmaTotal:              0 kB
CmaFree:               0 kB
HugePages_Total:       0
HugePages_Free:        0
HugePages_Rsvd:        0
HugePages_Surp:        0
Hugepagesize:       2048 kB
DirectMap4k:      101844 kB
DirectMap2M:     2940928 kB
DirectMap1G:     5242880 kB


CPU:total 4 (2 cores per cpu, 2 threads per core) family 6 model 78 stepping 3, cmov, cx8, fxsr, mmx, sse, sse2, sse3, ssse3, sse4.1, sse4.2, popcnt, avx, avx2, aes, clmul, erms, 3dnowpref, lzcnt, ht, tsc, tscinvbit, bmi1, bmi2, adx

/proc/cpuinfo:
processor	: 0
vendor_id	: GenuineIntel
cpu family	: 6
model		: 78
model name	: Intel(R) Core(TM) m3-6Y30 CPU @ 0.90GHz
stepping	: 3
microcode	: 0x33
cpu MHz		: 1281.796
cache size	: 4096 KB
physical id	: 0
siblings	: 4
core id		: 0
cpu cores	: 2
apicid		: 0
initial apicid	: 0
fpu		: yes
fpu_exception	: yes
cpuid level	: 22
wp		: yes
flags		: fpu vme de pse tsc msr pae mce cx8 apic sep mtrr pge mca cmov pat pse36 clflush dts acpi mmx fxsr sse sse2 ss ht tm pbe syscall nx pdpe1gb rdtscp lm constant_tsc art arch_perfmon pebs bts rep_good nopl xtopology nonstop_tsc aperfmperf eagerfpu pni pclmulqdq dtes64 monitor ds_cpl vmx est tm2 ssse3 sdbg fma cx16 xtpr pdcm pcid sse4_1 sse4_2 x2apic movbe popcnt tsc_deadline_timer aes xsave avx f16c rdrand lahf_lm abm 3dnowprefetch epb intel_pt tpr_shadow vnmi flexpriority ept vpid fsgsbase tsc_adjust bmi1 avx2 smep bmi2 erms invpcid mpx rdseed adx smap clflushopt xsaveopt xsavec xgetbv1 dtherm ida arat pln pts hwp hwp_notify hwp_act_window hwp_epp
bugs		:
bogomips	: 3023.91
clflush size	: 64
cache_alignment	: 64
address sizes	: 39 bits physical, 48 bits virtual
power management:

processor	: 1
vendor_id	: GenuineIntel
cpu family	: 6
model		: 78
model name	: Intel(R) Core(TM) m3-6Y30 CPU @ 0.90GHz
stepping	: 3
microcode	: 0x33
cpu MHz		: 1235.859
cache size	: 4096 KB
physical id	: 0
siblings	: 4
core id		: 1
cpu cores	: 2
apicid		: 2
initial apicid	: 2
fpu		: yes
fpu_exception	: yes
cpuid level	: 22
wp		: yes
flags		: fpu vme de pse tsc msr pae mce cx8 apic sep mtrr pge mca cmov pat pse36 clflush dts acpi mmx fxsr sse sse2 ss ht tm pbe syscall nx pdpe1gb rdtscp lm constant_tsc art arch_perfmon pebs bts rep_good nopl xtopology nonstop_tsc aperfmperf eagerfpu pni pclmulqdq dtes64 monitor ds_cpl vmx est tm2 ssse3 sdbg fma cx16 xtpr pdcm pcid sse4_1 sse4_2 x2apic movbe popcnt tsc_deadline_timer aes xsave avx f16c rdrand lahf_lm abm 3dnowprefetch epb intel_pt tpr_shadow vnmi flexpriority ept vpid fsgsbase tsc_adjust bmi1 avx2 smep bmi2 erms invpcid mpx rdseed adx smap clflushopt xsaveopt xsavec xgetbv1 dtherm ida arat pln pts hwp hwp_notify hwp_act_window hwp_epp
bugs		:
bogomips	: 3023.91
clflush size	: 64
cache_alignment	: 64
address sizes	: 39 bits physical, 48 bits virtual
power management:

processor	: 2
vendor_id	: GenuineIntel
cpu family	: 6
model		: 78
model name	: Intel(R) Core(TM) m3-6Y30 CPU @ 0.90GHz
stepping	: 3
microcode	: 0x33
cpu MHz		: 1249.453
cache size	: 4096 KB
physical id	: 0
siblings	: 4
core id		: 0
cpu cores	: 2
apicid		: 1
initial apicid	: 1
fpu		: yes
fpu_exception	: yes
cpuid level	: 22
wp		: yes
flags		: fpu vme de pse tsc msr pae mce cx8 apic sep mtrr pge mca cmov pat pse36 clflush dts acpi mmx fxsr sse sse2 ss ht tm pbe syscall nx pdpe1gb rdtscp lm constant_tsc art arch_perfmon pebs bts rep_good nopl xtopology nonstop_tsc aperfmperf eagerfpu pni pclmulqdq dtes64 monitor ds_cpl vmx est tm2 ssse3 sdbg fma cx16 xtpr pdcm pcid sse4_1 sse4_2 x2apic movbe popcnt tsc_deadline_timer aes xsave avx f16c rdrand lahf_lm abm 3dnowprefetch epb intel_pt tpr_shadow vnmi flexpriority ept vpid fsgsbase tsc_adjust bmi1 avx2 smep bmi2 erms invpcid mpx rdseed adx smap clflushopt xsaveopt xsavec xgetbv1 dtherm ida arat pln pts hwp hwp_notify hwp_act_window hwp_epp
bugs		:
bogomips	: 3023.91
clflush size	: 64
cache_alignment	: 64
address sizes	: 39 bits physical, 48 bits virtual
power management:

processor	: 3
vendor_id	: GenuineIntel
cpu family	: 6
model		: 78
model name	: Intel(R) Core(TM) m3-6Y30 CPU @ 0.90GHz
stepping	: 3
microcode	: 0x33
cpu MHz		: 1246.875
cache size	: 4096 KB
physical id	: 0
siblings	: 4
core id		: 1
cpu cores	: 2
apicid		: 3
initial apicid	: 3
fpu		: yes
fpu_exception	: yes
cpuid level	: 22
wp		: yes
flags		: fpu vme de pse tsc msr pae mce cx8 apic sep mtrr pge mca cmov pat pse36 clflush dts acpi mmx fxsr sse sse2 ss ht tm pbe syscall nx pdpe1gb rdtscp lm constant_tsc art arch_perfmon pebs bts rep_good nopl xtopology nonstop_tsc aperfmperf eagerfpu pni pclmulqdq dtes64 monitor ds_cpl vmx est tm2 ssse3 sdbg fma cx16 xtpr pdcm pcid sse4_1 sse4_2 x2apic movbe popcnt tsc_deadline_timer aes xsave avx f16c rdrand lahf_lm abm 3dnowprefetch epb intel_pt tpr_shadow vnmi flexpriority ept vpid fsgsbase tsc_adjust bmi1 avx2 smep bmi2 erms invpcid mpx rdseed adx smap clflushopt xsaveopt xsavec xgetbv1 dtherm ida arat pln pts hwp hwp_notify hwp_act_window hwp_epp
bugs		:
bogomips	: 3023.91
clflush size	: 64
cache_alignment	: 64
address sizes	: 39 bits physical, 48 bits virtual
power management:



Memory: 4k page, physical 8072132k(3116756k free), swap 8285180k(8285180k free)

vm_info: Java HotSpot(TM) 64-Bit Server VM (25.121-b13) for linux-amd64 JRE (1.8.0_121-b13), built on Dec 12 2016 16:36:53 by "java_re" with gcc 4.3.0 20080428 (Red Hat 4.3.0-8)

time: Thu Apr 20 12:59:46 2017
elapsed time: 8916 seconds (0d 2h 28m 36s)

